Analysis & Synthesis report for rom
Sat Mar 23 19:52:13 2019
Quartus Prime Version 18.1.0 Build 625 09/12/2018 SJ Lite Edition


---------------------
; Table of Contents ;
---------------------
  1. Legal Notice
  2. Analysis & Synthesis Summary
  3. Analysis & Synthesis Settings
  4. Parallel Compilation
  5. Analysis & Synthesis Source Files Read
  6. Analysis & Synthesis Resource Usage Summary
  7. Analysis & Synthesis Resource Utilization by Entity
  8. Analysis & Synthesis RAM Summary
  9. Registers Removed During Synthesis
 10. General Register Statistics
 11. Registers Packed Into Inferred Megafunctions
 12. Multiplexer Restructuring Statistics (Restructuring Performed)
 13. Source assignments for rom_fetcher:rom_fetcher|rom:rom|altsyncram:mem_rtl_0|altsyncram_p261:auto_generated
 14. Parameter Settings for User Entity Instance: clk_div:clk_div
 15. Parameter Settings for User Entity Instance: clk_div:clk_div2
 16. Parameter Settings for User Entity Instance: rom_fetcher:rom_fetcher|rom:rom
 17. Parameter Settings for Inferred Entity Instance: rom_fetcher:rom_fetcher|rom:rom|altsyncram:mem_rtl_0
 18. altsyncram Parameter Settings by Entity Instance
 19. Port Connectivity Checks: "rom_fetcher:rom_fetcher|rom:rom"
 20. Post-Synthesis Netlist Statistics for Top Partition
 21. Elapsed Time Per Partition
 22. Analysis & Synthesis Messages



----------------
; Legal Notice ;
----------------
Copyright (C) 2018  Intel Corporation. All rights reserved.
Your use of Intel Corporation's design tools, logic functions 
and other software and tools, and its AMPP partner logic 
functions, and any output files from any of the foregoing 
(including device programming or simulation files), and any 
associated documentation or information are expressly subject 
to the terms and conditions of the Intel Program License 
Subscription Agreement, the Intel Quartus Prime License Agreement,
the Intel FPGA IP License Agreement, or other applicable license
agreement, including, without limitation, that your use is for
the sole purpose of programming logic devices manufactured by
Intel and sold by Intel or its authorized distributors.  Please
refer to the applicable agreement for further details.



+----------------------------------------------------------------------------------+
; Analysis & Synthesis Summary                                                     ;
+------------------------------------+---------------------------------------------+
; Analysis & Synthesis Status        ; Successful - Sat Mar 23 19:52:13 2019       ;
; Quartus Prime Version              ; 18.1.0 Build 625 09/12/2018 SJ Lite Edition ;
; Revision Name                      ; rom                                         ;
; Top-level Entity Name              ; top                                         ;
; Family                             ; Cyclone IV E                                ;
; Total logic elements               ; 59                                          ;
;     Total combinational functions  ; 59                                          ;
;     Dedicated logic registers      ; 30                                          ;
; Total registers                    ; 30                                          ;
; Total pins                         ; 12                                          ;
; Total virtual pins                 ; 0                                           ;
; Total memory bits                  ; 128                                         ;
; Embedded Multiplier 9-bit elements ; 0                                           ;
; Total PLLs                         ; 0                                           ;
+------------------------------------+---------------------------------------------+


+------------------------------------------------------------------------------------------------------------+
; Analysis & Synthesis Settings                                                                              ;
+------------------------------------------------------------------+--------------------+--------------------+
; Option                                                           ; Setting            ; Default Value      ;
+------------------------------------------------------------------+--------------------+--------------------+
; Device                                                           ; EP4CE6E22C8        ;                    ;
; Top-level entity name                                            ; top                ; rom                ;
; Family name                                                      ; Cyclone IV E       ; Cyclone V          ;
; Maximum processors allowed for parallel compilation              ; 1                  ;                    ;
; Allow Any ROM Size For Recognition                               ; On                 ; Off                ;
; Use smart compilation                                            ; Off                ; Off                ;
; Enable parallel Assembler and Timing Analyzer during compilation ; On                 ; On                 ;
; Enable compact report table                                      ; Off                ; Off                ;
; Restructure Multiplexers                                         ; Auto               ; Auto               ;
; Create Debugging Nodes for IP Cores                              ; Off                ; Off                ;
; Preserve fewer node names                                        ; On                 ; On                 ;
; Intel FPGA IP Evaluation Mode                                    ; Enable             ; Enable             ;
; Verilog Version                                                  ; Verilog_2001       ; Verilog_2001       ;
; VHDL Version                                                     ; VHDL_1993          ; VHDL_1993          ;
; State Machine Processing                                         ; Auto               ; Auto               ;
; Safe State Machine                                               ; Off                ; Off                ;
; Extract Verilog State Machines                                   ; On                 ; On                 ;
; Extract VHDL State Machines                                      ; On                 ; On                 ;
; Ignore Verilog initial constructs                                ; Off                ; Off                ;
; Iteration limit for constant Verilog loops                       ; 5000               ; 5000               ;
; Iteration limit for non-constant Verilog loops                   ; 250                ; 250                ;
; Add Pass-Through Logic to Inferred RAMs                          ; On                 ; On                 ;
; Infer RAMs from Raw Logic                                        ; On                 ; On                 ;
; Parallel Synthesis                                               ; On                 ; On                 ;
; DSP Block Balancing                                              ; Auto               ; Auto               ;
; NOT Gate Push-Back                                               ; On                 ; On                 ;
; Power-Up Don't Care                                              ; On                 ; On                 ;
; Remove Redundant Logic Cells                                     ; Off                ; Off                ;
; Remove Duplicate Registers                                       ; On                 ; On                 ;
; Ignore CARRY Buffers                                             ; Off                ; Off                ;
; Ignore CASCADE Buffers                                           ; Off                ; Off                ;
; Ignore GLOBAL Buffers                                            ; Off                ; Off                ;
; Ignore ROW GLOBAL Buffers                                        ; Off                ; Off                ;
; Ignore LCELL Buffers                                             ; Off                ; Off                ;
; Ignore SOFT Buffers                                              ; On                 ; On                 ;
; Limit AHDL Integers to 32 Bits                                   ; Off                ; Off                ;
; Optimization Technique                                           ; Balanced           ; Balanced           ;
; Carry Chain Length                                               ; 70                 ; 70                 ;
; Auto Carry Chains                                                ; On                 ; On                 ;
; Auto Open-Drain Pins                                             ; On                 ; On                 ;
; Perform WYSIWYG Primitive Resynthesis                            ; Off                ; Off                ;
; Auto ROM Replacement                                             ; On                 ; On                 ;
; Auto RAM Replacement                                             ; On                 ; On                 ;
; Auto DSP Block Replacement                                       ; On                 ; On                 ;
; Auto Shift Register Replacement                                  ; Auto               ; Auto               ;
; Allow Shift Register Merging across Hierarchies                  ; Auto               ; Auto               ;
; Auto Clock Enable Replacement                                    ; On                 ; On                 ;
; Strict RAM Replacement                                           ; Off                ; Off                ;
; Allow Synchronous Control Signals                                ; On                 ; On                 ;
; Force Use of Synchronous Clear Signals                           ; Off                ; Off                ;
; Auto RAM Block Balancing                                         ; On                 ; On                 ;
; Auto RAM to Logic Cell Conversion                                ; Off                ; Off                ;
; Auto Resource Sharing                                            ; Off                ; Off                ;
; Allow Any RAM Size For Recognition                               ; Off                ; Off                ;
; Allow Any Shift Register Size For Recognition                    ; Off                ; Off                ;
; Use LogicLock Constraints during Resource Balancing              ; On                 ; On                 ;
; Ignore translate_off and synthesis_off directives                ; Off                ; Off                ;
; Timing-Driven Synthesis                                          ; On                 ; On                 ;
; Report Parameter Settings                                        ; On                 ; On                 ;
; Report Source Assignments                                        ; On                 ; On                 ;
; Report Connectivity Checks                                       ; On                 ; On                 ;
; Ignore Maximum Fan-Out Assignments                               ; Off                ; Off                ;
; Synchronization Register Chain Length                            ; 2                  ; 2                  ;
; Power Optimization During Synthesis                              ; Normal compilation ; Normal compilation ;
; HDL message level                                                ; Level2             ; Level2             ;
; Suppress Register Optimization Related Messages                  ; Off                ; Off                ;
; Number of Removed Registers Reported in Synthesis Report         ; 5000               ; 5000               ;
; Number of Swept Nodes Reported in Synthesis Report               ; 5000               ; 5000               ;
; Number of Inverted Registers Reported in Synthesis Report        ; 100                ; 100                ;
; Clock MUX Protection                                             ; On                 ; On                 ;
; Auto Gated Clock Conversion                                      ; Off                ; Off                ;
; Block Design Naming                                              ; Auto               ; Auto               ;
; SDC constraint protection                                        ; Off                ; Off                ;
; Synthesis Effort                                                 ; Auto               ; Auto               ;
; Shift Register Replacement - Allow Asynchronous Clear Signal     ; On                 ; On                 ;
; Pre-Mapping Resynthesis Optimization                             ; Off                ; Off                ;
; Analysis & Synthesis Message Level                               ; Medium             ; Medium             ;
; Disable Register Merging Across Hierarchies                      ; Auto               ; Auto               ;
; Resource Aware Inference For Block RAM                           ; On                 ; On                 ;
+------------------------------------------------------------------+--------------------+--------------------+


Parallel compilation was disabled, but you have multiple processors available. Enable parallel compilation to reduce compilation time.
+-------------------------------------+
; Parallel Compilation                ;
+----------------------------+--------+
; Processors                 ; Number ;
+----------------------------+--------+
; Number detected on machine ; 8      ;
; Maximum allowed            ; 1      ;
+----------------------------+--------+


+---------------------------------------------------------------------------------------------------------------------------------------------------------------------------------------------------------------+
; Analysis & Synthesis Source Files Read                                                                                                                                                                        ;
+----------------------------------+-----------------+-------------------------------------------------------+----------------------------------------------------------------------------------------+---------+
; File Name with User-Entered Path ; Used in Netlist ; File Type                                             ; File Name with Absolute Path                                                           ; Library ;
+----------------------------------+-----------------+-------------------------------------------------------+----------------------------------------------------------------------------------------+---------+
; rom.v                            ; yes             ; User Verilog HDL File                                 ; /home/julius/github/drec-fpga-intro/problems/06_rom/rom.v                              ;         ;
; top.v                            ; yes             ; User Verilog HDL File                                 ; /home/julius/github/drec-fpga-intro/problems/06_rom/top.v                              ;         ;
; hex_display.v                    ; yes             ; User Verilog HDL File                                 ; /home/julius/github/drec-fpga-intro/problems/06_rom/hex_display.v                      ;         ;
; clk_div.v                        ; yes             ; User Verilog HDL File                                 ; /home/julius/github/drec-fpga-intro/problems/06_rom/clk_div.v                          ;         ;
; program.txt                      ; yes             ; Auto-Found File                                       ; /home/julius/github/drec-fpga-intro/problems/06_rom/program.txt                        ;         ;
; altsyncram.tdf                   ; yes             ; Megafunction                                          ; /home/julius/intelFPGA_lite/18.1/quartus/libraries/megafunctions/altsyncram.tdf        ;         ;
; stratix_ram_block.inc            ; yes             ; Megafunction                                          ; /home/julius/intelFPGA_lite/18.1/quartus/libraries/megafunctions/stratix_ram_block.inc ;         ;
; lpm_mux.inc                      ; yes             ; Megafunction                                          ; /home/julius/intelFPGA_lite/18.1/quartus/libraries/megafunctions/lpm_mux.inc           ;         ;
; lpm_decode.inc                   ; yes             ; Megafunction                                          ; /home/julius/intelFPGA_lite/18.1/quartus/libraries/megafunctions/lpm_decode.inc        ;         ;
; aglobal181.inc                   ; yes             ; Megafunction                                          ; /home/julius/intelFPGA_lite/18.1/quartus/libraries/megafunctions/aglobal181.inc        ;         ;
; a_rdenreg.inc                    ; yes             ; Megafunction                                          ; /home/julius/intelFPGA_lite/18.1/quartus/libraries/megafunctions/a_rdenreg.inc         ;         ;
; altrom.inc                       ; yes             ; Megafunction                                          ; /home/julius/intelFPGA_lite/18.1/quartus/libraries/megafunctions/altrom.inc            ;         ;
; altram.inc                       ; yes             ; Megafunction                                          ; /home/julius/intelFPGA_lite/18.1/quartus/libraries/megafunctions/altram.inc            ;         ;
; altdpram.inc                     ; yes             ; Megafunction                                          ; /home/julius/intelFPGA_lite/18.1/quartus/libraries/megafunctions/altdpram.inc          ;         ;
; db/altsyncram_p261.tdf           ; yes             ; Auto-Generated Megafunction                           ; /home/julius/github/drec-fpga-intro/problems/06_rom/db/altsyncram_p261.tdf             ;         ;
; db/rom.ram0_rom_ca3d9149.hdl.mif ; yes             ; Auto-Generated Auto-Found Memory Initialization File  ; /home/julius/github/drec-fpga-intro/problems/06_rom/db/rom.ram0_rom_ca3d9149.hdl.mif   ;         ;
+----------------------------------+-----------------+-------------------------------------------------------+----------------------------------------------------------------------------------------+---------+


+---------------------------------------------------------+
; Analysis & Synthesis Resource Usage Summary             ;
+---------------------------------------------+-----------+
; Resource                                    ; Usage     ;
+---------------------------------------------+-----------+
; Estimated Total logic elements              ; 59        ;
;                                             ;           ;
; Total combinational functions               ; 59        ;
; Logic element usage by number of LUT inputs ;           ;
;     -- 4 input functions                    ; 15        ;
;     -- 3 input functions                    ; 3         ;
;     -- <=2 input functions                  ; 41        ;
;                                             ;           ;
; Logic elements by mode                      ;           ;
;     -- normal mode                          ; 26        ;
;     -- arithmetic mode                      ; 33        ;
;                                             ;           ;
; Total registers                             ; 30        ;
;     -- Dedicated logic registers            ; 30        ;
;     -- I/O registers                        ; 0         ;
;                                             ;           ;
; I/O pins                                    ; 12        ;
; Total memory bits                           ; 128       ;
;                                             ;           ;
; Embedded Multiplier 9-bit elements          ; 0         ;
;                                             ;           ;
; Maximum fan-out node                        ; CLK~input ;
; Maximum fan-out                             ; 25        ;
; Total fan-out                               ; 292       ;
; Average fan-out                             ; 2.26      ;
+---------------------------------------------+-----------+


+-----------------------------------------------------------------------------------------------------------------------------------------------------------------------------------------------------------------------------------------------------------------------------------------------------+
; Analysis & Synthesis Resource Utilization by Entity                                                                                                                                                                                                                                                 ;
+----------------------------------------------+---------------------+---------------------------+-------------+--------------+---------+-----------+------+--------------+------------------------------------------------------------------------------------------+-----------------+--------------+
; Compilation Hierarchy Node                   ; Combinational ALUTs ; Dedicated Logic Registers ; Memory Bits ; DSP Elements ; DSP 9x9 ; DSP 18x18 ; Pins ; Virtual Pins ; Full Hierarchy Name                                                                      ; Entity Name     ; Library Name ;
+----------------------------------------------+---------------------+---------------------------+-------------+--------------+---------+-----------+------+--------------+------------------------------------------------------------------------------------------+-----------------+--------------+
; |top                                         ; 59 (0)              ; 30 (0)                    ; 128         ; 0            ; 0       ; 0         ; 12   ; 0            ; |top                                                                                     ; top             ; work         ;
;    |clk_div:clk_div2|                        ; 24 (24)             ; 24 (24)                   ; 0           ; 0            ; 0       ; 0         ; 0    ; 0            ; |top|clk_div:clk_div2                                                                    ; clk_div         ; work         ;
;    |clk_div:clk_div|                         ; 11 (11)             ; 1 (1)                     ; 0           ; 0            ; 0       ; 0         ; 0    ; 0            ; |top|clk_div:clk_div                                                                     ; clk_div         ; work         ;
;    |hex_display:hd|                          ; 21 (14)             ; 2 (2)                     ; 0           ; 0            ; 0       ; 0         ; 0    ; 0            ; |top|hex_display:hd                                                                      ; hex_display     ; work         ;
;       |hex_to_seg:hex_to_seg|                ; 7 (7)               ; 0 (0)                     ; 0           ; 0            ; 0       ; 0         ; 0    ; 0            ; |top|hex_display:hd|hex_to_seg:hex_to_seg                                                ; hex_to_seg      ; work         ;
;    |rom_fetcher:rom_fetcher|                 ; 3 (3)               ; 3 (3)                     ; 128         ; 0            ; 0       ; 0         ; 0    ; 0            ; |top|rom_fetcher:rom_fetcher                                                             ; rom_fetcher     ; work         ;
;       |rom:rom|                              ; 0 (0)               ; 0 (0)                     ; 128         ; 0            ; 0       ; 0         ; 0    ; 0            ; |top|rom_fetcher:rom_fetcher|rom:rom                                                     ; rom             ; work         ;
;          |altsyncram:mem_rtl_0|              ; 0 (0)               ; 0 (0)                     ; 128         ; 0            ; 0       ; 0         ; 0    ; 0            ; |top|rom_fetcher:rom_fetcher|rom:rom|altsyncram:mem_rtl_0                                ; altsyncram      ; work         ;
;             |altsyncram_p261:auto_generated| ; 0 (0)               ; 0 (0)                     ; 128         ; 0            ; 0       ; 0         ; 0    ; 0            ; |top|rom_fetcher:rom_fetcher|rom:rom|altsyncram:mem_rtl_0|altsyncram_p261:auto_generated ; altsyncram_p261 ; work         ;
+----------------------------------------------+---------------------+---------------------------+-------------+--------------+---------+-----------+------+--------------+------------------------------------------------------------------------------------------+-----------------+--------------+
Note: For table entries with two numbers listed, the numbers in parentheses indicate the number of resources of the given type used by the specific entity alone. The numbers listed outside of parentheses indicate the total resources of the given type used by the specific entity and all of its sub-entities in the hierarchy.


+--------------------------------------------------------------------------------------------------------------------------------------------------------------------------------------------------------------------+
; Analysis & Synthesis RAM Summary                                                                                                                                                                                   ;
+------------------------------------------------------------------------------------------------+------+------+--------------+--------------+--------------+--------------+------+----------------------------------+
; Name                                                                                           ; Type ; Mode ; Port A Depth ; Port A Width ; Port B Depth ; Port B Width ; Size ; MIF                              ;
+------------------------------------------------------------------------------------------------+------+------+--------------+--------------+--------------+--------------+------+----------------------------------+
; rom_fetcher:rom_fetcher|rom:rom|altsyncram:mem_rtl_0|altsyncram_p261:auto_generated|ALTSYNCRAM ; AUTO ; ROM  ; 8            ; 16           ; --           ; --           ; 128  ; db/rom.ram0_rom_ca3d9149.hdl.mif ;
+------------------------------------------------------------------------------------------------+------+------+--------------+--------------+--------------+--------------+------+----------------------------------+


+-------------------------------------------------------------------------------+
; Registers Removed During Synthesis                                            ;
+----------------------------------------+--------------------------------------+
; Register name                          ; Reason for Removal                   ;
+----------------------------------------+--------------------------------------+
; clk_div:clk_div|cnt[0]                 ; Merged with clk_div:clk_div2|cnt[0]  ;
; clk_div:clk_div|cnt[1]                 ; Merged with clk_div:clk_div2|cnt[1]  ;
; clk_div:clk_div|cnt[2]                 ; Merged with clk_div:clk_div2|cnt[2]  ;
; clk_div:clk_div|cnt[3]                 ; Merged with clk_div:clk_div2|cnt[3]  ;
; clk_div:clk_div|cnt[4]                 ; Merged with clk_div:clk_div2|cnt[4]  ;
; clk_div:clk_div|cnt[5]                 ; Merged with clk_div:clk_div2|cnt[5]  ;
; clk_div:clk_div|cnt[6]                 ; Merged with clk_div:clk_div2|cnt[6]  ;
; clk_div:clk_div|cnt[7]                 ; Merged with clk_div:clk_div2|cnt[7]  ;
; clk_div:clk_div|cnt[8]                 ; Merged with clk_div:clk_div2|cnt[8]  ;
; clk_div:clk_div|cnt[9]                 ; Merged with clk_div:clk_div2|cnt[9]  ;
; clk_div:clk_div|cnt[10]                ; Merged with clk_div:clk_div2|cnt[10] ;
; rom_fetcher:rom_fetcher|pc[3..7]       ; Lost fanout                          ;
; Total Number of Removed Registers = 16 ;                                      ;
+----------------------------------------+--------------------------------------+


+------------------------------------------------------+
; General Register Statistics                          ;
+----------------------------------------------+-------+
; Statistic                                    ; Value ;
+----------------------------------------------+-------+
; Total registers                              ; 30    ;
; Number of registers using Synchronous Clear  ; 0     ;
; Number of registers using Synchronous Load   ; 0     ;
; Number of registers using Asynchronous Clear ; 0     ;
; Number of registers using Asynchronous Load  ; 0     ;
; Number of registers using Clock Enable       ; 0     ;
; Number of registers using Preset             ; 0     ;
+----------------------------------------------+-------+


+---------------------------------------------------------------------------------------------+
; Registers Packed Into Inferred Megafunctions                                                ;
+------------------------------------------+-------------------------------------------+------+
; Register Name                            ; Megafunction                              ; Type ;
+------------------------------------------+-------------------------------------------+------+
; rom_fetcher:rom_fetcher|rom:rom|q[0..15] ; rom_fetcher:rom_fetcher|rom:rom|mem_rtl_0 ; RAM  ;
+------------------------------------------+-------------------------------------------+------+


+------------------------------------------------------------------------------------------------------------------------------------------+
; Multiplexer Restructuring Statistics (Restructuring Performed)                                                                           ;
+--------------------+-----------+---------------+----------------------+------------------------+------------+----------------------------+
; Multiplexer Inputs ; Bus Width ; Baseline Area ; Area if Restructured ; Saving if Restructured ; Registered ; Example Multiplexer Output ;
+--------------------+-----------+---------------+----------------------+------------------------+------------+----------------------------+
; 4:1                ; 4 bits    ; 8 LEs         ; 8 LEs                ; 0 LEs                  ; No         ; |top|hex_display:hd|Mux3   ;
+--------------------+-----------+---------------+----------------------+------------------------+------------+----------------------------+


+------------------------------------------------------------------------------------------------------------+
; Source assignments for rom_fetcher:rom_fetcher|rom:rom|altsyncram:mem_rtl_0|altsyncram_p261:auto_generated ;
+---------------------------------+--------------------+------+----------------------------------------------+
; Assignment                      ; Value              ; From ; To                                           ;
+---------------------------------+--------------------+------+----------------------------------------------+
; OPTIMIZE_POWER_DURING_SYNTHESIS ; NORMAL_COMPILATION ; -    ; -                                            ;
+---------------------------------+--------------------+------+----------------------------------------------+


+--------------------------------------------------------------+
; Parameter Settings for User Entity Instance: clk_div:clk_div ;
+----------------+-------+-------------------------------------+
; Parameter Name ; Value ; Type                                ;
+----------------+-------+-------------------------------------+
; X              ; 12    ; Signed Integer                      ;
+----------------+-------+-------------------------------------+
Note: In order to hide this table in the UI and the text report file, please set the "Show Parameter Settings in Synthesis Report" option in "Analysis and Synthesis Settings -> More Settings" to "Off".


+---------------------------------------------------------------+
; Parameter Settings for User Entity Instance: clk_div:clk_div2 ;
+----------------+-------+--------------------------------------+
; Parameter Name ; Value ; Type                                 ;
+----------------+-------+--------------------------------------+
; X              ; 24    ; Signed Integer                       ;
+----------------+-------+--------------------------------------+
Note: In order to hide this table in the UI and the text report file, please set the "Show Parameter Settings in Synthesis Report" option in "Analysis and Synthesis Settings -> More Settings" to "Off".


+------------------------------------------------------------------------------+
; Parameter Settings for User Entity Instance: rom_fetcher:rom_fetcher|rom:rom ;
+----------------+-------+-----------------------------------------------------+
; Parameter Name ; Value ; Type                                                ;
+----------------+-------+-----------------------------------------------------+
; LENGTH         ; 8     ; Signed Integer                                      ;
; WIDTH          ; 16    ; Signed Integer                                      ;
+----------------+-------+-----------------------------------------------------+
Note: In order to hide this table in the UI and the text report file, please set the "Show Parameter Settings in Synthesis Report" option in "Analysis and Synthesis Settings -> More Settings" to "Off".


+-------------------------------------------------------------------------------------------------------+
; Parameter Settings for Inferred Entity Instance: rom_fetcher:rom_fetcher|rom:rom|altsyncram:mem_rtl_0 ;
+------------------------------------+----------------------------------+-------------------------------+
; Parameter Name                     ; Value                            ; Type                          ;
+------------------------------------+----------------------------------+-------------------------------+
; BYTE_SIZE_BLOCK                    ; 8                                ; Untyped                       ;
; AUTO_CARRY_CHAINS                  ; ON                               ; AUTO_CARRY                    ;
; IGNORE_CARRY_BUFFERS               ; OFF                              ; IGNORE_CARRY                  ;
; AUTO_CASCADE_CHAINS                ; ON                               ; AUTO_CASCADE                  ;
; IGNORE_CASCADE_BUFFERS             ; OFF                              ; IGNORE_CASCADE                ;
; WIDTH_BYTEENA                      ; 1                                ; Untyped                       ;
; OPERATION_MODE                     ; ROM                              ; Untyped                       ;
; WIDTH_A                            ; 16                               ; Untyped                       ;
; WIDTHAD_A                          ; 3                                ; Untyped                       ;
; NUMWORDS_A                         ; 8                                ; Untyped                       ;
; OUTDATA_REG_A                      ; UNREGISTERED                     ; Untyped                       ;
; ADDRESS_ACLR_A                     ; NONE                             ; Untyped                       ;
; OUTDATA_ACLR_A                     ; NONE                             ; Untyped                       ;
; WRCONTROL_ACLR_A                   ; NONE                             ; Untyped                       ;
; INDATA_ACLR_A                      ; NONE                             ; Untyped                       ;
; BYTEENA_ACLR_A                     ; NONE                             ; Untyped                       ;
; WIDTH_B                            ; 1                                ; Untyped                       ;
; WIDTHAD_B                          ; 1                                ; Untyped                       ;
; NUMWORDS_B                         ; 1                                ; Untyped                       ;
; INDATA_REG_B                       ; CLOCK1                           ; Untyped                       ;
; WRCONTROL_WRADDRESS_REG_B          ; CLOCK1                           ; Untyped                       ;
; RDCONTROL_REG_B                    ; CLOCK1                           ; Untyped                       ;
; ADDRESS_REG_B                      ; CLOCK1                           ; Untyped                       ;
; OUTDATA_REG_B                      ; UNREGISTERED                     ; Untyped                       ;
; BYTEENA_REG_B                      ; CLOCK1                           ; Untyped                       ;
; INDATA_ACLR_B                      ; NONE                             ; Untyped                       ;
; WRCONTROL_ACLR_B                   ; NONE                             ; Untyped                       ;
; ADDRESS_ACLR_B                     ; NONE                             ; Untyped                       ;
; OUTDATA_ACLR_B                     ; NONE                             ; Untyped                       ;
; RDCONTROL_ACLR_B                   ; NONE                             ; Untyped                       ;
; BYTEENA_ACLR_B                     ; NONE                             ; Untyped                       ;
; WIDTH_BYTEENA_A                    ; 1                                ; Untyped                       ;
; WIDTH_BYTEENA_B                    ; 1                                ; Untyped                       ;
; RAM_BLOCK_TYPE                     ; AUTO                             ; Untyped                       ;
; BYTE_SIZE                          ; 8                                ; Untyped                       ;
; READ_DURING_WRITE_MODE_MIXED_PORTS ; DONT_CARE                        ; Untyped                       ;
; READ_DURING_WRITE_MODE_PORT_A      ; NEW_DATA_NO_NBE_READ             ; Untyped                       ;
; READ_DURING_WRITE_MODE_PORT_B      ; NEW_DATA_NO_NBE_READ             ; Untyped                       ;
; INIT_FILE                          ; db/rom.ram0_rom_ca3d9149.hdl.mif ; Untyped                       ;
; INIT_FILE_LAYOUT                   ; PORT_A                           ; Untyped                       ;
; MAXIMUM_DEPTH                      ; 0                                ; Untyped                       ;
; CLOCK_ENABLE_INPUT_A               ; NORMAL                           ; Untyped                       ;
; CLOCK_ENABLE_INPUT_B               ; NORMAL                           ; Untyped                       ;
; CLOCK_ENABLE_OUTPUT_A              ; NORMAL                           ; Untyped                       ;
; CLOCK_ENABLE_OUTPUT_B              ; NORMAL                           ; Untyped                       ;
; CLOCK_ENABLE_CORE_A                ; USE_INPUT_CLKEN                  ; Untyped                       ;
; CLOCK_ENABLE_CORE_B                ; USE_INPUT_CLKEN                  ; Untyped                       ;
; ENABLE_ECC                         ; FALSE                            ; Untyped                       ;
; ECC_PIPELINE_STAGE_ENABLED         ; FALSE                            ; Untyped                       ;
; WIDTH_ECCSTATUS                    ; 3                                ; Untyped                       ;
; DEVICE_FAMILY                      ; Cyclone IV E                     ; Untyped                       ;
; CBXI_PARAMETER                     ; altsyncram_p261                  ; Untyped                       ;
+------------------------------------+----------------------------------+-------------------------------+
Note: In order to hide this table in the UI and the text report file, please set the "Show Parameter Settings in Synthesis Report" option in "Analysis and Synthesis Settings -> More Settings" to "Off".


+--------------------------------------------------------------------------------------------------+
; altsyncram Parameter Settings by Entity Instance                                                 ;
+-------------------------------------------+------------------------------------------------------+
; Name                                      ; Value                                                ;
+-------------------------------------------+------------------------------------------------------+
; Number of entity instances                ; 1                                                    ;
; Entity Instance                           ; rom_fetcher:rom_fetcher|rom:rom|altsyncram:mem_rtl_0 ;
;     -- OPERATION_MODE                     ; ROM                                                  ;
;     -- WIDTH_A                            ; 16                                                   ;
;     -- NUMWORDS_A                         ; 8                                                    ;
;     -- OUTDATA_REG_A                      ; UNREGISTERED                                         ;
;     -- WIDTH_B                            ; 1                                                    ;
;     -- NUMWORDS_B                         ; 1                                                    ;
;     -- ADDRESS_REG_B                      ; CLOCK1                                               ;
;     -- OUTDATA_REG_B                      ; UNREGISTERED                                         ;
;     -- RAM_BLOCK_TYPE                     ; AUTO                                                 ;
;     -- READ_DURING_WRITE_MODE_MIXED_PORTS ; DONT_CARE                                            ;
+-------------------------------------------+------------------------------------------------------+


+-------------------------------------------------------------+
; Port Connectivity Checks: "rom_fetcher:rom_fetcher|rom:rom" ;
+-------------+-------+----------+----------------------------+
; Port        ; Type  ; Severity ; Details                    ;
+-------------+-------+----------+----------------------------+
; addr[15..8] ; Input ; Info     ; Stuck at GND               ;
+-------------+-------+----------+----------------------------+


+-----------------------------------------------------+
; Post-Synthesis Netlist Statistics for Top Partition ;
+-----------------------+-----------------------------+
; Type                  ; Count                       ;
+-----------------------+-----------------------------+
; boundary_port         ; 12                          ;
; cycloneiii_ff         ; 30                          ;
;     plain             ; 30                          ;
; cycloneiii_lcell_comb ; 67                          ;
;     arith             ; 33                          ;
;         2 data inputs ; 30                          ;
;         3 data inputs ; 3                           ;
;     normal            ; 34                          ;
;         1 data inputs ; 14                          ;
;         2 data inputs ; 5                           ;
;         4 data inputs ; 15                          ;
; cycloneiii_ram_block  ; 16                          ;
;                       ;                             ;
; Max LUT depth         ; 4.00                        ;
; Average LUT depth     ; 2.63                        ;
+-----------------------+-----------------------------+


+-------------------------------+
; Elapsed Time Per Partition    ;
+----------------+--------------+
; Partition Name ; Elapsed Time ;
+----------------+--------------+
; Top            ; 00:00:01     ;
+----------------+--------------+


+-------------------------------+
; Analysis & Synthesis Messages ;
+-------------------------------+
Info: *******************************************************************
Info: Running Quartus Prime Analysis & Synthesis
    Info: Version 18.1.0 Build 625 09/12/2018 SJ Lite Edition
    Info: Processing started: Sat Mar 23 19:52:03 2019
Info: Command: quartus_map --read_settings_files=on --write_settings_files=off rom -c rom
Warning (12473): User specified to use only one processors but 4 processors were detected which could be used to decrease run time.
Info (12021): Found 1 design units, including 1 entities, in source file rom_comb.v
    Info (12023): Found entity 1: rom2 File: /home/julius/github/drec-fpga-intro/problems/06_rom/rom_comb.v Line: 1
Info (12021): Found 1 design units, including 1 entities, in source file rom.v
    Info (12023): Found entity 1: rom File: /home/julius/github/drec-fpga-intro/problems/06_rom/rom.v Line: 1
Info (12021): Found 2 design units, including 2 entities, in source file top.v
    Info (12023): Found entity 1: top File: /home/julius/github/drec-fpga-intro/problems/06_rom/top.v Line: 1
    Info (12023): Found entity 2: rom_fetcher File: /home/julius/github/drec-fpga-intro/problems/06_rom/top.v Line: 26
Info (12021): Found 2 design units, including 2 entities, in source file hex_display.v
    Info (12023): Found entity 1: hex_display File: /home/julius/github/drec-fpga-intro/problems/06_rom/hex_display.v Line: 1
    Info (12023): Found entity 2: hex_to_seg File: /home/julius/github/drec-fpga-intro/problems/06_rom/hex_display.v Line: 23
Info (12021): Found 1 design units, including 1 entities, in source file clk_div.v
    Info (12023): Found entity 1: clk_div File: /home/julius/github/drec-fpga-intro/problems/06_rom/clk_div.v Line: 1
Warning (10236): Verilog HDL Implicit Net warning at top.v(16): created implicit net for "clk2" File: /home/julius/github/drec-fpga-intro/problems/06_rom/top.v Line: 16
Warning (10236): Verilog HDL Implicit Net warning at top.v(18): created implicit net for "clk3" File: /home/julius/github/drec-fpga-intro/problems/06_rom/top.v Line: 18
Info (12127): Elaborating entity "top" for the top level hierarchy
Info (12128): Elaborating entity "clk_div" for hierarchy "clk_div:clk_div" File: /home/julius/github/drec-fpga-intro/problems/06_rom/top.v Line: 16
Warning (10230): Verilog HDL assignment warning at clk_div.v(12): truncated value with size 32 to match size of target (12) File: /home/julius/github/drec-fpga-intro/problems/06_rom/clk_div.v Line: 12
Info (12128): Elaborating entity "clk_div" for hierarchy "clk_div:clk_div2" File: /home/julius/github/drec-fpga-intro/problems/06_rom/top.v Line: 18
Warning (10230): Verilog HDL assignment warning at clk_div.v(12): truncated value with size 32 to match size of target (24) File: /home/julius/github/drec-fpga-intro/problems/06_rom/clk_div.v Line: 12
Info (12128): Elaborating entity "hex_display" for hierarchy "hex_display:hd" File: /home/julius/github/drec-fpga-intro/problems/06_rom/top.v Line: 20
Info (12128): Elaborating entity "hex_to_seg" for hierarchy "hex_display:hd|hex_to_seg:hex_to_seg" File: /home/julius/github/drec-fpga-intro/problems/06_rom/hex_display.v Line: 19
Info (12128): Elaborating entity "rom_fetcher" for hierarchy "rom_fetcher:rom_fetcher" File: /home/julius/github/drec-fpga-intro/problems/06_rom/top.v Line: 22
Warning (10230): Verilog HDL assignment warning at top.v(33): truncated value with size 32 to match size of target (8) File: /home/julius/github/drec-fpga-intro/problems/06_rom/top.v Line: 33
Info (12128): Elaborating entity "rom" for hierarchy "rom_fetcher:rom_fetcher|rom:rom" File: /home/julius/github/drec-fpga-intro/problems/06_rom/top.v Line: 35
Warning (10030): Net "mem.data_a" at rom.v(7) has no driver or initial value, using a default initial value '0' File: /home/julius/github/drec-fpga-intro/problems/06_rom/rom.v Line: 7
Warning (10030): Net "mem.waddr_a" at rom.v(7) has no driver or initial value, using a default initial value '0' File: /home/julius/github/drec-fpga-intro/problems/06_rom/rom.v Line: 7
Warning (10030): Net "mem.we_a" at rom.v(7) has no driver or initial value, using a default initial value '0' File: /home/julius/github/drec-fpga-intro/problems/06_rom/rom.v Line: 7
Info (19000): Inferred 1 megafunctions from design logic
    Info (276029): Inferred altsyncram megafunction from the following design logic: "rom_fetcher:rom_fetcher|rom:rom|mem_rtl_0" 
        Info (286033): Parameter OPERATION_MODE set to ROM
        Info (286033): Parameter WIDTH_A set to 16
        Info (286033): Parameter WIDTHAD_A set to 3
        Info (286033): Parameter NUMWORDS_A set to 8
        Info (286033): Parameter OUTDATA_REG_A set to UNREGISTERED
        Info (286033): Parameter ADDRESS_ACLR_A set to NONE
        Info (286033): Parameter OUTDATA_ACLR_A set to NONE
        Info (286033): Parameter INDATA_ACLR_A set to NONE
        Info (286033): Parameter WRCONTROL_ACLR_A set to NONE
        Info (286033): Parameter INIT_FILE set to db/rom.ram0_rom_ca3d9149.hdl.mif
Info (12130): Elaborated megafunction instantiation "rom_fetcher:rom_fetcher|rom:rom|altsyncram:mem_rtl_0"
Info (12133): Instantiated megafunction "rom_fetcher:rom_fetcher|rom:rom|altsyncram:mem_rtl_0" with the following parameter:
    Info (12134): Parameter "OPERATION_MODE" = "ROM"
    Info (12134): Parameter "WIDTH_A" = "16"
    Info (12134): Parameter "WIDTHAD_A" = "3"
    Info (12134): Parameter "NUMWORDS_A" = "8"
    Info (12134): Parameter "OUTDATA_REG_A" = "UNREGISTERED"
    Info (12134): Parameter "ADDRESS_ACLR_A" = "NONE"
    Info (12134): Parameter "OUTDATA_ACLR_A" = "NONE"
    Info (12134): Parameter "INDATA_ACLR_A" = "NONE"
    Info (12134): Parameter "WRCONTROL_ACLR_A" = "NONE"
    Info (12134): Parameter "INIT_FILE" = "db/rom.ram0_rom_ca3d9149.hdl.mif"
Info (12021): Found 1 design units, including 1 entities, in source file db/altsyncram_p261.tdf
    Info (12023): Found entity 1: altsyncram_p261 File: /home/julius/github/drec-fpga-intro/problems/06_rom/db/altsyncram_p261.tdf Line: 27
Info (286030): Timing-Driven Synthesis is running
Info (17049): 5 registers lost all their fanouts during netlist optimizations.
Info (16010): Generating hard_block partition "hard_block:auto_generated_inst"
    Info (16011): Adding 0 node(s), including 0 DDIO, 0 PLL, 0 transceiver and 0 LCELL
Info (21057): Implemented 87 device resources after synthesis - the final resource count might be different
    Info (21058): Implemented 1 input pins
    Info (21059): Implemented 11 output pins
    Info (21061): Implemented 59 logic cells
    Info (21064): Implemented 16 RAM segments
Info: Quartus Prime Analysis & Synthesis was successful. 0 errors, 9 warnings
    Info: Peak virtual memory: 969 megabytes
    Info: Processing ended: Sat Mar 23 19:52:13 2019
    Info: Elapsed time: 00:00:10
    Info: Total CPU time (on all processors): 00:00:25


